<?xml version="1.0" encoding="UTF-8"?>
<testsuite name="com.chaseatucker.combatgame.character.SkillTest" tests="2" skipped="0" failures="0" errors="0" timestamp="2020-06-03T21:34:13" hostname="CHASE-1" time="0.006">
  <properties/>
  <testcase name="getAttackStrength" classname="com.chaseatucker.combatgame.character.SkillTest" time="0.004"/>
  <testcase name="getDefendStrength" classname="com.chaseatucker.combatgame.character.SkillTest" time="0.001"/>
  <system-out><![CDATA[]]></system-out>
  <system-err><![CDATA[]]></system-err>
</testsuite>
