<?xml version="1.0" encoding="UTF-8"?>
<testsuite name="com.chaseatucker.combatgame.character.AttackSkillTest" tests="2" skipped="0" failures="0" errors="0" timestamp="2020-06-04T00:27:35" hostname="CHASE-1" time="0.076">
  <properties/>
  <testcase name="testToString" classname="com.chaseatucker.combatgame.character.AttackSkillTest" time="0.075"/>
  <testcase name="getAttackStrength" classname="com.chaseatucker.combatgame.character.AttackSkillTest" time="0.0"/>
  <system-out><![CDATA[]]></system-out>
  <system-err><![CDATA[]]></system-err>
</testsuite>
